[32m2026-05-12 20:35:05 +0200[0m - dagster - [34mDEBUG[0m - __ASSET_JOB - d5dda875-7d23-48e9-ac63-83cbd793b5b7 - 9936 - LOGS_CAPTURED - Capturing logs for process (pid: 9936).
[32m2026-05-12 20:35:05 +0200[0m - dagster - [34mDEBUG[0m - __ASSET_JOB - d5dda875-7d23-48e9-ac63-83cbd793b5b7 - 9936 - raw_incoming_data - STEP_START - Started execution of step "raw_incoming_data".
[32m2026-05-12 20:35:05 +0200[0m - dagster - [34mERROR[0m - [31m__ASSET_JOB - d5dda875-7d23-48e9-ac63-83cbd793b5b7 - 9936 - raw_incoming_data - STEP_FAILURE - Execution of step "raw_incoming_data" failed.

dagster._core.errors.DagsterExecutionStepExecutionError: Error occurred while executing op "raw_incoming_data"::

FileNotFoundError: [Errno 2] No such file or directory: 'data/raw/incoming_customers.csv'

Stack Trace:
  File "/Users/MattTrivino 1/Documents/Data Science projects/streaming-subscription-churn-model/.venv/lib/python3.11/site-packages/dagster/_core/execution/plan/utils.py", line 57, in op_execution_error_boundary
    yield
  File "/Users/MattTrivino 1/Documents/Data Science projects/streaming-subscription-churn-model/.venv/lib/python3.11/site-packages/dagster/_utils/__init__.py", line 394, in iterate_with_context
    next_output = next(iterator)
                  ^^^^^^^^^^^^^^
  File "/Users/MattTrivino 1/Documents/Data Science projects/streaming-subscription-churn-model/.venv/lib/python3.11/site-packages/dagster/_core/execution/plan/compute_generator.py", line 135, in _coerce_op_compute_fn_to_iterator
    result = invoke_compute_fn(
             ^^^^^^^^^^^^^^^^^^
  File "/Users/MattTrivino 1/Documents/Data Science projects/streaming-subscription-churn-model/.venv/lib/python3.11/site-packages/dagster/_core/execution/plan/compute_generator.py", line 115, in invoke_compute_fn
    return fn(context, **args_to_pass) if context_arg_provided else fn(**args_to_pass)
                                                                    ^^^^^^^^^^^^^^^^^^
  File "/Users/MattTrivino 1/Documents/Data Science projects/streaming-subscription-churn-model/src/churn_project/dagster_assets.py", line 45, in raw_incoming_data
    return pd.read_csv(RAW_INCOMING_PATH)
           ^^^^^^^^^^^^^^^^^^^^^^^^^^^^^^
  File "/Users/MattTrivino 1/Documents/Data Science projects/streaming-subscription-churn-model/.venv/lib/python3.11/site-packages/pandas/io/parsers/readers.py", line 873, in read_csv
    return _read(filepath_or_buffer, kwds)
           ^^^^^^^^^^^^^^^^^^^^^^^^^^^^^^^
  File "/Users/MattTrivino 1/Documents/Data Science projects/streaming-subscription-churn-model/.venv/lib/python3.11/site-packages/pandas/io/parsers/readers.py", line 300, in _read
    parser = TextFileReader(filepath_or_buffer, **kwds)
             ^^^^^^^^^^^^^^^^^^^^^^^^^^^^^^^^^^^^^^^^^^
  File "/Users/MattTrivino 1/Documents/Data Science projects/streaming-subscription-churn-model/.venv/lib/python3.11/site-packages/pandas/io/parsers/readers.py", line 1645, in __init__
    self._engine = self._make_engine(f, self.engine)
                   ^^^^^^^^^^^^^^^^^^^^^^^^^^^^^^^^^
  File "/Users/MattTrivino 1/Documents/Data Science projects/streaming-subscription-churn-model/.venv/lib/python3.11/site-packages/pandas/io/parsers/readers.py", line 1904, in _make_engine
    self.handles = get_handle(
                   ^^^^^^^^^^^
  File "/Users/MattTrivino 1/Documents/Data Science projects/streaming-subscription-churn-model/.venv/lib/python3.11/site-packages/pandas/io/common.py", line 926, in get_handle
    handle = open(
             ^^^^^
[0m
