[32m2026-05-12 21:36:04 +0200[0m - dagster - [34mDEBUG[0m - __ASSET_JOB - cdbf054a-8fee-44f2-8492-287858cc55ee - 15034 - LOGS_CAPTURED - Capturing logs for process (pid: 15034).
[32m2026-05-12 21:36:04 +0200[0m - dagster - [34mDEBUG[0m - __ASSET_JOB - cdbf054a-8fee-44f2-8492-287858cc55ee - 15034 - combined_training_data - STEP_START - Started execution of step "combined_training_data".
[32m2026-05-12 21:36:04 +0200[0m - dagster - [34mDEBUG[0m - __ASSET_JOB - cdbf054a-8fee-44f2-8492-287858cc55ee - combined_training_data - Loading file from: /Users/MattTrivino 1/Documents/Data Science projects/streaming-subscription-churn-model/.dagster/storage/new_customers_for_training using PickledObjectFilesystemIOManager...
[32m2026-05-12 21:36:04 +0200[0m - dagster - [34mDEBUG[0m - __ASSET_JOB - cdbf054a-8fee-44f2-8492-287858cc55ee - 15034 - combined_training_data - LOADED_INPUT - Loaded input "new_customers_for_training" using input manager "io_manager", from output "result" of step "new_customers_for_training"
[32m2026-05-12 21:36:04 +0200[0m - dagster - [34mDEBUG[0m - __ASSET_JOB - cdbf054a-8fee-44f2-8492-287858cc55ee - combined_training_data - Loading file from: /Users/MattTrivino 1/Documents/Data Science projects/streaming-subscription-churn-model/.dagster/storage/train_model_ready using PickledObjectFilesystemIOManager...
[32m2026-05-12 21:36:04 +0200[0m - dagster - [34mDEBUG[0m - __ASSET_JOB - cdbf054a-8fee-44f2-8492-287858cc55ee - 15034 - combined_training_data - LOADED_INPUT - Loaded input "train_model_ready" using input manager "io_manager", from output "result" of step "train_model_ready"
[32m2026-05-12 21:36:04 +0200[0m - dagster - [34mDEBUG[0m - __ASSET_JOB - cdbf054a-8fee-44f2-8492-287858cc55ee - 15034 - combined_training_data - STEP_INPUT - Got input "new_customers_for_training" of type "DataFrame". (Type check passed).
[32m2026-05-12 21:36:04 +0200[0m - dagster - [34mDEBUG[0m - __ASSET_JOB - cdbf054a-8fee-44f2-8492-287858cc55ee - 15034 - combined_training_data - STEP_INPUT - Got input "train_model_ready" of type "DataFrame". (Type check passed).
[32m2026-05-12 21:36:04 +0200[0m - dagster - [34mERROR[0m - [31m__ASSET_JOB - cdbf054a-8fee-44f2-8492-287858cc55ee - 15034 - combined_training_data - STEP_FAILURE - Execution of step "combined_training_data" failed.

dagster._core.errors.DagsterExecutionStepExecutionError: Error occurred while executing op "combined_training_data"::

ValueError: El archivo data/new_data/new_customers_for_training.csv no tiene todas las columnas necesarias. Faltan: ['churned', 'tenure_days', 'tenure_months', 'songs_per_hour', 'high_skip_user', 'age_group', 'weekly_hours_bin', 'skip_rate_bin', 'state_code', 'region']

Stack Trace:
  File "/Users/MattTrivino 1/Documents/Data Science projects/streaming-subscription-churn-model/.venv/lib/python3.11/site-packages/dagster/_core/execution/plan/utils.py", line 57, in op_execution_error_boundary
    yield
  File "/Users/MattTrivino 1/Documents/Data Science projects/streaming-subscription-churn-model/.venv/lib/python3.11/site-packages/dagster/_utils/__init__.py", line 394, in iterate_with_context
    next_output = next(iterator)
                  ^^^^^^^^^^^^^^
  File "/Users/MattTrivino 1/Documents/Data Science projects/streaming-subscription-churn-model/.venv/lib/python3.11/site-packages/dagster/_core/execution/plan/compute_generator.py", line 135, in _coerce_op_compute_fn_to_iterator
    result = invoke_compute_fn(
             ^^^^^^^^^^^^^^^^^^
  File "/Users/MattTrivino 1/Documents/Data Science projects/streaming-subscription-churn-model/.venv/lib/python3.11/site-packages/dagster/_core/execution/plan/compute_generator.py", line 115, in invoke_compute_fn
    return fn(context, **args_to_pass) if context_arg_provided else fn(**args_to_pass)
                                                                    ^^^^^^^^^^^^^^^^^^
  File "/Users/MattTrivino 1/Documents/Data Science projects/streaming-subscription-churn-model/src/churn_project/dagster_assets.py", line 118, in combined_training_data
    raise ValueError(
[0m
